[2025-07-04 11:55:53] local.INFO: Pet photo URL: [null] 
[2025-07-04 11:56:14] local.INFO: Dane wysyłane do API (store): {"name":"Tomasz Lewandowski","status":"available","category":"tomasz","photo_url":"https://www.sleepmed.pl/sennik-czarny-pies-co-oznacza-sen-o-czarnym-psie/","tags":"Tomasz"} 
[2025-07-04 11:56:15] local.INFO: Odpowiedź API (store): {"id":9074181,"category":{"id":0,"name":"tomasz"},"name":"Tomasz Lewandowski","photoUrls":["https://www.sleepmed.pl/sennik-czarny-pies-co-oznacza-sen-o-czarnym-psie/"],"tags":[{"id":0,"name":"Tomasz"}],"status":"available"} 
[2025-07-04 11:56:16] local.INFO: Pet photo URL: [null] 
[2025-07-04 11:57:03] local.INFO: Pet photo URL: [null] 
[2025-07-04 11:57:43] local.INFO: Dane wysyłane do API (store): {"name":"Tomasz Lewandowski","status":"available","category":"tomasz","photo_url":"https://www.sleepmed.pl/sennik-czarny-pies-co-oznacza-sen-o-czarnym-psie/","tags":"pies"} 
[2025-07-04 11:57:44] local.INFO: Odpowiedź API (store): {"id":5023726,"category":{"id":0,"name":"tomasz"},"name":"Tomasz Lewandowski","photoUrls":["https://www.sleepmed.pl/sennik-czarny-pies-co-oznacza-sen-o-czarnym-psie/"],"tags":[{"id":0,"name":"pies"}],"status":"available"} 
[2025-07-04 11:57:45] local.INFO: Pet photo URL: [null] 
[2025-07-04 11:57:57] local.INFO: Pet photo URL: [null] 
[2025-07-04 11:58:02] local.INFO: Pet photo URL: [null] 
[2025-07-04 11:58:08] local.INFO: Pet photo URL: [null] 
[2025-07-04 11:58:13] local.INFO: Pet photo URL: [null] 
[2025-07-04 11:58:19] local.INFO: Pet photo URL: [null] 
[2025-07-04 11:58:59] local.INFO: Pet photo URL: [null] 
[2025-07-04 11:59:09] local.INFO: Pet photo URL: [null] 
[2025-07-04 11:59:17] local.INFO: Pet photo URL: [null] 
[2025-07-04 11:59:25] local.INFO: Pet photo URL: [null] 
[2025-07-04 11:59:33] local.INFO: Pet photo URL: [null] 
[2025-07-04 11:59:53] local.INFO: Dane wysyłane do API (store): {"name":"Tomasz Lewandowski","status":"available","category":"tomasz","photo_url":"https://www.sleepmed.pl/img/blog/sennik-czarny-pies-co-oznacza-sen-o-czarnym-psie.jpg","tags":"pies"} 
[2025-07-04 11:59:54] local.INFO: Odpowiedź API (store): {"id":3017203,"category":{"id":0,"name":"tomasz"},"name":"Tomasz Lewandowski","photoUrls":["https://www.sleepmed.pl/img/blog/sennik-czarny-pies-co-oznacza-sen-o-czarnym-psie.jpg"],"tags":[{"id":0,"name":"pies"}],"status":"available"} 
[2025-07-04 11:59:55] local.INFO: Pet photo URL: [null] 
[2025-07-04 11:59:58] local.INFO: Pet photo URL: [null] 
[2025-07-04 12:00:05] local.INFO: Pet photo URL: [null] 
[2025-07-04 12:00:11] local.INFO: Pet photo URL: [null] 
[2025-07-04 12:00:15] local.INFO: Pet photo URL: [null] 
[2025-07-04 12:00:22] local.INFO: Pet photo URL: [null] 
[2025-07-04 12:00:27] local.INFO: Pet photo URL: [null] 
[2025-07-04 12:00:47] local.INFO: Pet photo URL: [null] 
[2025-07-04 12:00:52] local.INFO: Pet photo URL: [null] 
[2025-07-04 12:01:25] local.INFO: Pet photo URL: [null] 
[2025-07-04 12:01:41] local.INFO: Pet photo URL: [null] 
[2025-07-04 12:01:47] local.INFO: Pet photo URL: [null] 
[2025-07-04 12:01:54] local.INFO: Pet photo URL: [null] 
[2025-07-04 12:02:24] local.INFO: Pet photo URL: [null] 
[2025-07-04 12:02:28] local.INFO: Pet photo URL: [null] 
[2025-07-04 12:02:31] local.INFO: Pet photo URL: [null] 
[2025-07-04 12:02:42] local.INFO: Pet photo URL: [null] 
[2025-07-04 12:03:01] local.INFO: Pet photo URL: [null] 
[2025-07-04 12:03:38] local.INFO: Pet photo URL: [null] 
[2025-07-04 12:04:01] local.ERROR: Błąd przy pobieraniu zwierzaka ID 9223372036854753369: Cannot use object of type stdClass as array  
[2025-07-04 12:04:02] local.INFO: Pet photo URL: [null] 
[2025-07-04 12:04:05] local.ERROR: Błąd przy pobieraniu zwierzaka ID 462: Cannot use object of type stdClass as array  
[2025-07-04 12:04:06] local.INFO: Pet photo URL: [null] 
[2025-07-04 12:04:09] local.ERROR: Błąd przy pobieraniu zwierzaka ID 9223372036854023305: Cannot use object of type stdClass as array  
[2025-07-04 12:04:10] local.INFO: Pet photo URL: [null] 
[2025-07-04 12:04:12] local.ERROR: Błąd przy pobieraniu zwierzaka ID 9223372036854023304: Cannot use object of type stdClass as array  
[2025-07-04 12:04:13] local.INFO: Pet photo URL: [null] 
[2025-07-04 12:04:21] local.INFO: Pet photo URL: [null] 
[2025-07-04 12:04:25] local.INFO: Pet photo URL: [null] 
[2025-07-04 12:04:34] local.INFO: Pet photo URL: [null] 
[2025-07-04 12:05:59] local.INFO: Pet photo URL: [null] 
[2025-07-04 12:06:45] local.INFO: Pet photo URL: [null] 
[2025-07-04 12:07:08] local.INFO: Pet photo URL: [null] 
[2025-07-04 12:07:33] local.INFO: Pet photo URL: [null] 
[2025-07-04 12:08:16] local.INFO: Pet photo URL: [null] 
[2025-07-04 12:08:51] local.INFO: Pet photo URL: [null] 
[2025-07-04 12:09:54] local.INFO: Pet photo URL: [null] 
[2025-07-04 12:59:15] local.INFO: Pet photo URL: [null] 
[2025-07-04 14:43:13] local.INFO: Pet photo URL: [null] 
[2025-07-04 14:43:24] local.INFO: Pet photo URL: [null] 
[2025-07-04 14:43:39] local.INFO: Pet photo URL: [null] 
[2025-07-04 14:44:00] local.INFO: Pet photo URL: [null] 
[2025-07-04 14:44:03] local.INFO: Pet photo URL: [null] 
[2025-07-04 14:44:06] local.INFO: Pet photo URL: [null] 
[2025-07-04 14:44:09] local.INFO: Pet photo URL: [null] 
[2025-07-04 14:44:12] local.INFO: Pet photo URL: [null] 
[2025-07-04 14:44:29] local.INFO: Pet photo URL: [null] 
[2025-07-04 14:44:33] local.INFO: Pet photo URL: [null] 
[2025-07-04 14:44:41] local.INFO: Pet photo URL: [null] 
[2025-07-04 14:44:46] local.INFO: Pet photo URL: [null] 
[2025-07-04 14:44:48] local.INFO: Pet photo URL: [null] 
[2025-07-04 14:44:51] local.INFO: Pet photo URL: [null] 
[2025-07-04 14:44:54] local.INFO: Pet photo URL: [null] 
[2025-07-04 14:44:55] local.INFO: Pet photo URL: [null] 
[2025-07-04 14:45:03] local.INFO: Pet photo URL: [null] 
[2025-07-04 14:45:12] local.INFO: Pet photo URL: [null] 
[2025-07-04 14:45:23] local.INFO: Pet photo URL: [null] 
[2025-07-04 14:45:35] local.INFO: Pet photo URL: [null] 
[2025-07-04 14:45:41] local.INFO: Dane wysyłane do API (store): {"name":"Tomasz Lewandowski","status":"available","category":null,"photo_url":null,"tags":null} 
[2025-07-04 14:45:41] local.INFO: Odpowiedź API (store): {"id":5473263,"category":{"id":0,"name":"brak"},"name":"Tomasz Lewandowski","photoUrls":["https://placekitten.com/200/200"],"tags":[{"id":0,"name":""}],"status":"available"} 
[2025-07-04 14:45:42] local.INFO: Pet photo URL: [null] 
[2025-07-04 14:45:50] local.INFO: Pet photo URL: [null] 
[2025-07-04 14:46:06] local.INFO: Pet photo URL: [null] 
[2025-07-04 14:46:08] local.INFO: Pet photo URL: [null] 
[2025-07-04 14:46:14] local.INFO: Dane wysyłane do API (store): {"name":"Tomasz Lewandowski","status":"available","category":null,"photo_url":null,"tags":null} 
[2025-07-04 14:46:14] local.INFO: Odpowiedź API (store): {"id":6950179,"category":{"id":0,"name":"brak"},"name":"Tomasz Lewandowski","photoUrls":["https://placekitten.com/200/200"],"tags":[{"id":0,"name":""}],"status":"available"} 
[2025-07-04 14:46:15] local.INFO: Pet photo URL: [null] 
[2025-07-04 14:46:37] local.INFO: Pet photo URL: [null] 
[2025-07-04 14:46:45] local.INFO: Pet photo URL: [null] 
[2025-07-04 14:46:50] local.INFO: Pet photo URL: [null] 
[2025-07-04 14:46:57] local.INFO: Pet photo URL: [null] 
[2025-07-04 14:47:14] local.INFO: Pet photo URL: [null] 
[2025-07-04 14:47:43] local.INFO: Pet photo URL: [null] 
[2025-07-04 14:47:48] local.INFO: Pet photo URL: [null] 
[2025-07-04 14:47:53] local.INFO: Pet photo URL: [null] 
[2025-07-04 14:50:07] local.INFO: Pet photo URL: [null] 
[2025-07-04 14:50:18] local.INFO: Pet photo URL: [null] 
[2025-07-04 14:50:20] local.INFO: Pet photo URL: [null] 
[2025-07-04 14:50:23] local.INFO: Pet photo URL: [null] 
[2025-07-04 14:50:28] local.INFO: Pet photo URL: [null] 
[2025-07-04 14:52:19] local.INFO: Pet photo URL: [null] 
[2025-07-04 14:52:30] local.INFO: Pet photo URL: [null] 
[2025-07-04 14:52:35] local.INFO: Pet photo URL: [null] 
[2025-07-04 14:52:41] local.INFO: Pet photo URL: [null] 
[2025-07-04 14:54:45] local.INFO: Pet photo URL: [null] 
[2025-07-04 14:54:54] local.INFO: Pet photo URL: [null] 
[2025-07-04 14:55:08] local.INFO: Pet photo URL: [null] 
[2025-07-04 14:55:16] local.INFO: Pet photo URL: [null] 
[2025-07-04 14:55:20] local.INFO: Pet photo URL: [null] 
[2025-07-04 14:55:23] local.INFO: Pet photo URL: [null] 
[2025-07-04 14:55:26] local.INFO: Pet photo URL: [null] 
[2025-07-04 14:56:12] local.INFO: Pet photo URL: [null] 
[2025-07-04 14:56:12] local.ERROR: Object of class stdClass could not be converted to string {"view":{"view":"/home/tomasz/Desktop/Rest API/laraver-petstore/resources/views/pets/index.blade.php","data":[]},"exception":"[object] (Spatie\\LaravelIgnition\\Exceptions\\ViewException(code: 0): Object of class stdClass could not be converted to string at /home/tomasz/Desktop/Rest API/laraver-petstore/vendor/laravel/framework/src/Illuminate/Routing/RouteUrlGenerator.php:198)
[stacktrace]
#0 /home/tomasz/Desktop/Rest API/laraver-petstore/vendor/laravel/framework/src/Illuminate/Routing/RouteUrlGenerator.php(198): preg_replace_callback()
#1 /home/tomasz/Desktop/Rest API/laraver-petstore/vendor/laravel/framework/src/Illuminate/Routing/RouteUrlGenerator.php(85): Illuminate\\Routing\\RouteUrlGenerator->replaceRouteParameters()
#2 /home/tomasz/Desktop/Rest API/laraver-petstore/vendor/laravel/framework/src/Illuminate/Routing/UrlGenerator.php(501): Illuminate\\Routing\\RouteUrlGenerator->to()
#3 /home/tomasz/Desktop/Rest API/laraver-petstore/vendor/laravel/framework/src/Illuminate/Routing/UrlGenerator.php(469): Illuminate\\Routing\\UrlGenerator->toRoute()
#4 /home/tomasz/Desktop/Rest API/laraver-petstore/vendor/laravel/framework/src/Illuminate/Foundation/helpers.php(811): Illuminate\\Routing\\UrlGenerator->route()
#5 /home/tomasz/Desktop/Rest API/laraver-petstore/resources/views/pets/index.blade.php(24): route()
#6 /home/tomasz/Desktop/Rest API/laraver-petstore/vendor/laravel/framework/src/Illuminate/Filesystem/Filesystem.php(123): require('...')
#7 /home/tomasz/Desktop/Rest API/laraver-petstore/vendor/laravel/framework/src/Illuminate/Filesystem/Filesystem.php(124): Illuminate\\Filesystem\\Filesystem::Illuminate\\Filesystem\\{closure}()
#8 /home/tomasz/Desktop/Rest API/laraver-petstore/vendor/laravel/framework/src/Illuminate/View/Engines/PhpEngine.php(58): Illuminate\\Filesystem\\Filesystem->getRequire()
#9 /home/tomasz/Desktop/Rest API/laraver-petstore/vendor/laravel/framework/src/Illuminate/View/Engines/CompilerEngine.php(72): Illuminate\\View\\Engines\\PhpEngine->evaluatePath()
#10 /home/tomasz/Desktop/Rest API/laraver-petstore/vendor/laravel/framework/src/Illuminate/View/View.php(207): Illuminate\\View\\Engines\\CompilerEngine->get()
#11 /home/tomasz/Desktop/Rest API/laraver-petstore/vendor/laravel/framework/src/Illuminate/View/View.php(190): Illuminate\\View\\View->getContents()
#12 /home/tomasz/Desktop/Rest API/laraver-petstore/vendor/laravel/framework/src/Illuminate/View/View.php(159): Illuminate\\View\\View->renderContents()
#13 /home/tomasz/Desktop/Rest API/laraver-petstore/vendor/laravel/framework/src/Illuminate/Http/Response.php(69): Illuminate\\View\\View->render()
#14 /home/tomasz/Desktop/Rest API/laraver-petstore/vendor/laravel/framework/src/Illuminate/Http/Response.php(35): Illuminate\\Http\\Response->setContent()
#15 /home/tomasz/Desktop/Rest API/laraver-petstore/vendor/laravel/framework/src/Illuminate/Routing/Router.php(918): Illuminate\\Http\\Response->__construct()
#16 /home/tomasz/Desktop/Rest API/laraver-petstore/vendor/laravel/framework/src/Illuminate/Routing/Router.php(885): Illuminate\\Routing\\Router::toResponse()
#17 /home/tomasz/Desktop/Rest API/laraver-petstore/vendor/laravel/framework/src/Illuminate/Routing/Router.php(806): Illuminate\\Routing\\Router->prepareResponse()
#18 /home/tomasz/Desktop/Rest API/laraver-petstore/vendor/laravel/framework/src/Illuminate/Pipeline/Pipeline.php(144): Illuminate\\Routing\\Router->Illuminate\\Routing\\{closure}()
#19 /home/tomasz/Desktop/Rest API/laraver-petstore/vendor/laravel/framework/src/Illuminate/Routing/Middleware/SubstituteBindings.php(50): Illuminate\\Pipeline\\Pipeline->Illuminate\\Pipeline\\{closure}()
#20 /home/tomasz/Desktop/Rest API/laraver-petstore/vendor/laravel/framework/src/Illuminate/Pipeline/Pipeline.php(183): Illuminate\\Routing\\Middleware\\SubstituteBindings->handle()
#21 /home/tomasz/Desktop/Rest API/laraver-petstore/vendor/laravel/framework/src/Illuminate/Foundation/Http/Middleware/VerifyCsrfToken.php(78): Illuminate\\Pipeline\\Pipeline->Illuminate\\Pipeline\\{closure}()
#22 /home/tomasz/Desktop/Rest API/laraver-petstore/vendor/laravel/framework/src/Illuminate/Pipeline/Pipeline.php(183): Illuminate\\Foundation\\Http\\Middleware\\VerifyCsrfToken->handle()
#23 /home/tomasz/Desktop/Rest API/laraver-petstore/vendor/laravel/framework/src/Illuminate/View/Middleware/ShareErrorsFromSession.php(49): Illuminate\\Pipeline\\Pipeline->Illuminate\\Pipeline\\{closure}()
#24 /home/tomasz/Desktop/Rest API/laraver-petstore/vendor/laravel/framework/src/Illuminate/Pipeline/Pipeline.php(183): Illuminate\\View\\Middleware\\ShareErrorsFromSession->handle()
#25 /home/tomasz/Desktop/Rest API/laraver-petstore/vendor/laravel/framework/src/Illuminate/Session/Middleware/StartSession.php(121): Illuminate\\Pipeline\\Pipeline->Illuminate\\Pipeline\\{closure}()
#26 /home/tomasz/Desktop/Rest API/laraver-petstore/vendor/laravel/framework/src/Illuminate/Session/Middleware/StartSession.php(64): Illuminate\\Session\\Middleware\\StartSession->handleStatefulRequest()
#27 /home/tomasz/Desktop/Rest API/laraver-petstore/vendor/laravel/framework/src/Illuminate/Pipeline/Pipeline.php(183): Illuminate\\Session\\Middleware\\StartSession->handle()
#28 /home/tomasz/Desktop/Rest API/laraver-petstore/vendor/laravel/framework/src/Illuminate/Cookie/Middleware/AddQueuedCookiesToResponse.php(37): Illuminate\\Pipeline\\Pipeline->Illuminate\\Pipeline\\{closure}()
#29 /home/tomasz/Desktop/Rest API/laraver-petstore/vendor/laravel/framework/src/Illuminate/Pipeline/Pipeline.php(183): Illuminate\\Cookie\\Middleware\\AddQueuedCookiesToResponse->handle()
#30 /home/tomasz/Desktop/Rest API/laraver-petstore/vendor/laravel/framework/src/Illuminate/Cookie/Middleware/EncryptCookies.php(67): Illuminate\\Pipeline\\Pipeline->Illuminate\\Pipeline\\{closure}()
#31 /home/tomasz/Desktop/Rest API/laraver-petstore/vendor/laravel/framework/src/Illuminate/Pipeline/Pipeline.php(183): Illuminate\\Cookie\\Middleware\\EncryptCookies->handle()
#32 /home/tomasz/Desktop/Rest API/laraver-petstore/vendor/laravel/framework/src/Illuminate/Pipeline/Pipeline.php(119): Illuminate\\Pipeline\\Pipeline->Illuminate\\Pipeline\\{closure}()
#33 /home/tomasz/Desktop/Rest API/laraver-petstore/vendor/laravel/framework/src/Illuminate/Routing/Router.php(807): Illuminate\\Pipeline\\Pipeline->then()
#34 /home/tomasz/Desktop/Rest API/laraver-petstore/vendor/laravel/framework/src/Illuminate/Routing/Router.php(784): Illuminate\\Routing\\Router->runRouteWithinStack()
#35 /home/tomasz/Desktop/Rest API/laraver-petstore/vendor/laravel/framework/src/Illuminate/Routing/Router.php(748): Illuminate\\Routing\\Router->runRoute()
#36 /home/tomasz/Desktop/Rest API/laraver-petstore/vendor/laravel/framework/src/Illuminate/Routing/Router.php(737): Illuminate\\Routing\\Router->dispatchToRoute()
#37 /home/tomasz/Desktop/Rest API/laraver-petstore/vendor/laravel/framework/src/Illuminate/Foundation/Http/Kernel.php(200): Illuminate\\Routing\\Router->dispatch()
#38 /home/tomasz/Desktop/Rest API/laraver-petstore/vendor/laravel/framework/src/Illuminate/Pipeline/Pipeline.php(144): Illuminate\\Foundation\\Http\\Kernel->Illuminate\\Foundation\\Http\\{closure}()
#39 /home/tomasz/Desktop/Rest API/laraver-petstore/vendor/laravel/framework/src/Illuminate/Foundation/Http/Middleware/TransformsRequest.php(21): Illuminate\\Pipeline\\Pipeline->Illuminate\\Pipeline\\{closure}()
#40 /home/tomasz/Desktop/Rest API/laraver-petstore/vendor/laravel/framework/src/Illuminate/Foundation/Http/Middleware/ConvertEmptyStringsToNull.php(31): Illuminate\\Foundation\\Http\\Middleware\\TransformsRequest->handle()
#41 /home/tomasz/Desktop/Rest API/laraver-petstore/vendor/laravel/framework/src/Illuminate/Pipeline/Pipeline.php(183): Illuminate\\Foundation\\Http\\Middleware\\ConvertEmptyStringsToNull->handle()
#42 /home/tomasz/Desktop/Rest API/laraver-petstore/vendor/laravel/framework/src/Illuminate/Foundation/Http/Middleware/TransformsRequest.php(21): Illuminate\\Pipeline\\Pipeline->Illuminate\\Pipeline\\{closure}()
#43 /home/tomasz/Desktop/Rest API/laraver-petstore/vendor/laravel/framework/src/Illuminate/Foundation/Http/Middleware/TrimStrings.php(40): Illuminate\\Foundation\\Http\\Middleware\\TransformsRequest->handle()
#44 /home/tomasz/Desktop/Rest API/laraver-petstore/vendor/laravel/framework/src/Illuminate/Pipeline/Pipeline.php(183): Illuminate\\Foundation\\Http\\Middleware\\TrimStrings->handle()
#45 /home/tomasz/Desktop/Rest API/laraver-petstore/vendor/laravel/framework/src/Illuminate/Foundation/Http/Middleware/ValidatePostSize.php(27): Illuminate\\Pipeline\\Pipeline->Illuminate\\Pipeline\\{closure}()
#46 /home/tomasz/Desktop/Rest API/laraver-petstore/vendor/laravel/framework/src/Illuminate/Pipeline/Pipeline.php(183): Illuminate\\Foundation\\Http\\Middleware\\ValidatePostSize->handle()
#47 /home/tomasz/Desktop/Rest API/laraver-petstore/vendor/laravel/framework/src/Illuminate/Foundation/Http/Middleware/PreventRequestsDuringMaintenance.php(99): Illuminate\\Pipeline\\Pipeline->Illuminate\\Pipeline\\{closure}()
#48 /home/tomasz/Desktop/Rest API/laraver-petstore/vendor/laravel/framework/src/Illuminate/Pipeline/Pipeline.php(183): Illuminate\\Foundation\\Http\\Middleware\\PreventRequestsDuringMaintenance->handle()
#49 /home/tomasz/Desktop/Rest API/laraver-petstore/vendor/laravel/framework/src/Illuminate/Http/Middleware/HandleCors.php(49): Illuminate\\Pipeline\\Pipeline->Illuminate\\Pipeline\\{closure}()
#50 /home/tomasz/Desktop/Rest API/laraver-petstore/vendor/laravel/framework/src/Illuminate/Pipeline/Pipeline.php(183): Illuminate\\Http\\Middleware\\HandleCors->handle()
#51 /home/tomasz/Desktop/Rest API/laraver-petstore/vendor/laravel/framework/src/Illuminate/Http/Middleware/TrustProxies.php(39): Illuminate\\Pipeline\\Pipeline->Illuminate\\Pipeline\\{closure}()
#52 /home/tomasz/Desktop/Rest API/laraver-petstore/vendor/laravel/framework/src/Illuminate/Pipeline/Pipeline.php(183): Illuminate\\Http\\Middleware\\TrustProxies->handle()
#53 /home/tomasz/Desktop/Rest API/laraver-petstore/vendor/laravel/framework/src/Illuminate/Pipeline/Pipeline.php(119): Illuminate\\Pipeline\\Pipeline->Illuminate\\Pipeline\\{closure}()
#54 /home/tomasz/Desktop/Rest API/laraver-petstore/vendor/laravel/framework/src/Illuminate/Foundation/Http/Kernel.php(175): Illuminate\\Pipeline\\Pipeline->then()
#55 /home/tomasz/Desktop/Rest API/laraver-petstore/vendor/laravel/framework/src/Illuminate/Foundation/Http/Kernel.php(144): Illuminate\\Foundation\\Http\\Kernel->sendRequestThroughRouter()
#56 /home/tomasz/Desktop/Rest API/laraver-petstore/public/index.php(52): Illuminate\\Foundation\\Http\\Kernel->handle()
#57 /home/tomasz/Desktop/Rest API/laraver-petstore/vendor/laravel/framework/src/Illuminate/Foundation/resources/server.php(16): require_once('...')
#58 {main}

[previous exception] [object] (Error(code: 0): Object of class stdClass could not be converted to string at /home/tomasz/Desktop/Rest API/laraver-petstore/vendor/laravel/framework/src/Illuminate/Routing/RouteUrlGenerator.php:198)
[stacktrace]
#0 /home/tomasz/Desktop/Rest API/laraver-petstore/vendor/laravel/framework/src/Illuminate/Routing/RouteUrlGenerator.php(198): preg_replace_callback()
#1 /home/tomasz/Desktop/Rest API/laraver-petstore/vendor/laravel/framework/src/Illuminate/Routing/RouteUrlGenerator.php(85): Illuminate\\Routing\\RouteUrlGenerator->replaceRouteParameters()
#2 /home/tomasz/Desktop/Rest API/laraver-petstore/vendor/laravel/framework/src/Illuminate/Routing/UrlGenerator.php(501): Illuminate\\Routing\\RouteUrlGenerator->to()
#3 /home/tomasz/Desktop/Rest API/laraver-petstore/vendor/laravel/framework/src/Illuminate/Routing/UrlGenerator.php(469): Illuminate\\Routing\\UrlGenerator->toRoute()
#4 /home/tomasz/Desktop/Rest API/laraver-petstore/vendor/laravel/framework/src/Illuminate/Foundation/helpers.php(811): Illuminate\\Routing\\UrlGenerator->route()
#5 /home/tomasz/Desktop/Rest API/laraver-petstore/storage/framework/views/dd20be3435c9a461f6bbacd8e8fb724f.php(22): route()
#6 /home/tomasz/Desktop/Rest API/laraver-petstore/vendor/laravel/framework/src/Illuminate/Filesystem/Filesystem.php(123): require('...')
#7 /home/tomasz/Desktop/Rest API/laraver-petstore/vendor/laravel/framework/src/Illuminate/Filesystem/Filesystem.php(124): Illuminate\\Filesystem\\Filesystem::Illuminate\\Filesystem\\{closure}()
#8 /home/tomasz/Desktop/Rest API/laraver-petstore/vendor/laravel/framework/src/Illuminate/View/Engines/PhpEngine.php(58): Illuminate\\Filesystem\\Filesystem->getRequire()
#9 /home/tomasz/Desktop/Rest API/laraver-petstore/vendor/laravel/framework/src/Illuminate/View/Engines/CompilerEngine.php(72): Illuminate\\View\\Engines\\PhpEngine->evaluatePath()
#10 /home/tomasz/Desktop/Rest API/laraver-petstore/vendor/laravel/framework/src/Illuminate/View/View.php(207): Illuminate\\View\\Engines\\CompilerEngine->get()
#11 /home/tomasz/Desktop/Rest API/laraver-petstore/vendor/laravel/framework/src/Illuminate/View/View.php(190): Illuminate\\View\\View->getContents()
#12 /home/tomasz/Desktop/Rest API/laraver-petstore/vendor/laravel/framework/src/Illuminate/View/View.php(159): Illuminate\\View\\View->renderContents()
#13 /home/tomasz/Desktop/Rest API/laraver-petstore/vendor/laravel/framework/src/Illuminate/Http/Response.php(69): Illuminate\\View\\View->render()
#14 /home/tomasz/Desktop/Rest API/laraver-petstore/vendor/laravel/framework/src/Illuminate/Http/Response.php(35): Illuminate\\Http\\Response->setContent()
#15 /home/tomasz/Desktop/Rest API/laraver-petstore/vendor/laravel/framework/src/Illuminate/Routing/Router.php(918): Illuminate\\Http\\Response->__construct()
#16 /home/tomasz/Desktop/Rest API/laraver-petstore/vendor/laravel/framework/src/Illuminate/Routing/Router.php(885): Illuminate\\Routing\\Router::toResponse()
#17 /home/tomasz/Desktop/Rest API/laraver-petstore/vendor/laravel/framework/src/Illuminate/Routing/Router.php(806): Illuminate\\Routing\\Router->prepareResponse()
#18 /home/tomasz/Desktop/Rest API/laraver-petstore/vendor/laravel/framework/src/Illuminate/Pipeline/Pipeline.php(144): Illuminate\\Routing\\Router->Illuminate\\Routing\\{closure}()
#19 /home/tomasz/Desktop/Rest API/laraver-petstore/vendor/laravel/framework/src/Illuminate/Routing/Middleware/SubstituteBindings.php(50): Illuminate\\Pipeline\\Pipeline->Illuminate\\Pipeline\\{closure}()
#20 /home/tomasz/Desktop/Rest API/laraver-petstore/vendor/laravel/framework/src/Illuminate/Pipeline/Pipeline.php(183): Illuminate\\Routing\\Middleware\\SubstituteBindings->handle()
#21 /home/tomasz/Desktop/Rest API/laraver-petstore/vendor/laravel/framework/src/Illuminate/Foundation/Http/Middleware/VerifyCsrfToken.php(78): Illuminate\\Pipeline\\Pipeline->Illuminate\\Pipeline\\{closure}()
#22 /home/tomasz/Desktop/Rest API/laraver-petstore/vendor/laravel/framework/src/Illuminate/Pipeline/Pipeline.php(183): Illuminate\\Foundation\\Http\\Middleware\\VerifyCsrfToken->handle()
#23 /home/tomasz/Desktop/Rest API/laraver-petstore/vendor/laravel/framework/src/Illuminate/View/Middleware/ShareErrorsFromSession.php(49): Illuminate\\Pipeline\\Pipeline->Illuminate\\Pipeline\\{closure}()
#24 /home/tomasz/Desktop/Rest API/laraver-petstore/vendor/laravel/framework/src/Illuminate/Pipeline/Pipeline.php(183): Illuminate\\View\\Middleware\\ShareErrorsFromSession->handle()
#25 /home/tomasz/Desktop/Rest API/laraver-petstore/vendor/laravel/framework/src/Illuminate/Session/Middleware/StartSession.php(121): Illuminate\\Pipeline\\Pipeline->Illuminate\\Pipeline\\{closure}()
#26 /home/tomasz/Desktop/Rest API/laraver-petstore/vendor/laravel/framework/src/Illuminate/Session/Middleware/StartSession.php(64): Illuminate\\Session\\Middleware\\StartSession->handleStatefulRequest()
#27 /home/tomasz/Desktop/Rest API/laraver-petstore/vendor/laravel/framework/src/Illuminate/Pipeline/Pipeline.php(183): Illuminate\\Session\\Middleware\\StartSession->handle()
#28 /home/tomasz/Desktop/Rest API/laraver-petstore/vendor/laravel/framework/src/Illuminate/Cookie/Middleware/AddQueuedCookiesToResponse.php(37): Illuminate\\Pipeline\\Pipeline->Illuminate\\Pipeline\\{closure}()
#29 /home/tomasz/Desktop/Rest API/laraver-petstore/vendor/laravel/framework/src/Illuminate/Pipeline/Pipeline.php(183): Illuminate\\Cookie\\Middleware\\AddQueuedCookiesToResponse->handle()
#30 /home/tomasz/Desktop/Rest API/laraver-petstore/vendor/laravel/framework/src/Illuminate/Cookie/Middleware/EncryptCookies.php(67): Illuminate\\Pipeline\\Pipeline->Illuminate\\Pipeline\\{closure}()
#31 /home/tomasz/Desktop/Rest API/laraver-petstore/vendor/laravel/framework/src/Illuminate/Pipeline/Pipeline.php(183): Illuminate\\Cookie\\Middleware\\EncryptCookies->handle()
#32 /home/tomasz/Desktop/Rest API/laraver-petstore/vendor/laravel/framework/src/Illuminate/Pipeline/Pipeline.php(119): Illuminate\\Pipeline\\Pipeline->Illuminate\\Pipeline\\{closure}()
#33 /home/tomasz/Desktop/Rest API/laraver-petstore/vendor/laravel/framework/src/Illuminate/Routing/Router.php(807): Illuminate\\Pipeline\\Pipeline->then()
#34 /home/tomasz/Desktop/Rest API/laraver-petstore/vendor/laravel/framework/src/Illuminate/Routing/Router.php(784): Illuminate\\Routing\\Router->runRouteWithinStack()
#35 /home/tomasz/Desktop/Rest API/laraver-petstore/vendor/laravel/framework/src/Illuminate/Routing/Router.php(748): Illuminate\\Routing\\Router->runRoute()
#36 /home/tomasz/Desktop/Rest API/laraver-petstore/vendor/laravel/framework/src/Illuminate/Routing/Router.php(737): Illuminate\\Routing\\Router->dispatchToRoute()
#37 /home/tomasz/Desktop/Rest API/laraver-petstore/vendor/laravel/framework/src/Illuminate/Foundation/Http/Kernel.php(200): Illuminate\\Routing\\Router->dispatch()
#38 /home/tomasz/Desktop/Rest API/laraver-petstore/vendor/laravel/framework/src/Illuminate/Pipeline/Pipeline.php(144): Illuminate\\Foundation\\Http\\Kernel->Illuminate\\Foundation\\Http\\{closure}()
#39 /home/tomasz/Desktop/Rest API/laraver-petstore/vendor/laravel/framework/src/Illuminate/Foundation/Http/Middleware/TransformsRequest.php(21): Illuminate\\Pipeline\\Pipeline->Illuminate\\Pipeline\\{closure}()
#40 /home/tomasz/Desktop/Rest API/laraver-petstore/vendor/laravel/framework/src/Illuminate/Foundation/Http/Middleware/ConvertEmptyStringsToNull.php(31): Illuminate\\Foundation\\Http\\Middleware\\TransformsRequest->handle()
#41 /home/tomasz/Desktop/Rest API/laraver-petstore/vendor/laravel/framework/src/Illuminate/Pipeline/Pipeline.php(183): Illuminate\\Foundation\\Http\\Middleware\\ConvertEmptyStringsToNull->handle()
#42 /home/tomasz/Desktop/Rest API/laraver-petstore/vendor/laravel/framework/src/Illuminate/Foundation/Http/Middleware/TransformsRequest.php(21): Illuminate\\Pipeline\\Pipeline->Illuminate\\Pipeline\\{closure}()
#43 /home/tomasz/Desktop/Rest API/laraver-petstore/vendor/laravel/framework/src/Illuminate/Foundation/Http/Middleware/TrimStrings.php(40): Illuminate\\Foundation\\Http\\Middleware\\TransformsRequest->handle()
#44 /home/tomasz/Desktop/Rest API/laraver-petstore/vendor/laravel/framework/src/Illuminate/Pipeline/Pipeline.php(183): Illuminate\\Foundation\\Http\\Middleware\\TrimStrings->handle()
#45 /home/tomasz/Desktop/Rest API/laraver-petstore/vendor/laravel/framework/src/Illuminate/Foundation/Http/Middleware/ValidatePostSize.php(27): Illuminate\\Pipeline\\Pipeline->Illuminate\\Pipeline\\{closure}()
#46 /home/tomasz/Desktop/Rest API/laraver-petstore/vendor/laravel/framework/src/Illuminate/Pipeline/Pipeline.php(183): Illuminate\\Foundation\\Http\\Middleware\\ValidatePostSize->handle()
#47 /home/tomasz/Desktop/Rest API/laraver-petstore/vendor/laravel/framework/src/Illuminate/Foundation/Http/Middleware/PreventRequestsDuringMaintenance.php(99): Illuminate\\Pipeline\\Pipeline->Illuminate\\Pipeline\\{closure}()
#48 /home/tomasz/Desktop/Rest API/laraver-petstore/vendor/laravel/framework/src/Illuminate/Pipeline/Pipeline.php(183): Illuminate\\Foundation\\Http\\Middleware\\PreventRequestsDuringMaintenance->handle()
#49 /home/tomasz/Desktop/Rest API/laraver-petstore/vendor/laravel/framework/src/Illuminate/Http/Middleware/HandleCors.php(49): Illuminate\\Pipeline\\Pipeline->Illuminate\\Pipeline\\{closure}()
#50 /home/tomasz/Desktop/Rest API/laraver-petstore/vendor/laravel/framework/src/Illuminate/Pipeline/Pipeline.php(183): Illuminate\\Http\\Middleware\\HandleCors->handle()
#51 /home/tomasz/Desktop/Rest API/laraver-petstore/vendor/laravel/framework/src/Illuminate/Http/Middleware/TrustProxies.php(39): Illuminate\\Pipeline\\Pipeline->Illuminate\\Pipeline\\{closure}()
#52 /home/tomasz/Desktop/Rest API/laraver-petstore/vendor/laravel/framework/src/Illuminate/Pipeline/Pipeline.php(183): Illuminate\\Http\\Middleware\\TrustProxies->handle()
#53 /home/tomasz/Desktop/Rest API/laraver-petstore/vendor/laravel/framework/src/Illuminate/Pipeline/Pipeline.php(119): Illuminate\\Pipeline\\Pipeline->Illuminate\\Pipeline\\{closure}()
#54 /home/tomasz/Desktop/Rest API/laraver-petstore/vendor/laravel/framework/src/Illuminate/Foundation/Http/Kernel.php(175): Illuminate\\Pipeline\\Pipeline->then()
#55 /home/tomasz/Desktop/Rest API/laraver-petstore/vendor/laravel/framework/src/Illuminate/Foundation/Http/Kernel.php(144): Illuminate\\Foundation\\Http\\Kernel->sendRequestThroughRouter()
#56 /home/tomasz/Desktop/Rest API/laraver-petstore/public/index.php(52): Illuminate\\Foundation\\Http\\Kernel->handle()
#57 /home/tomasz/Desktop/Rest API/laraver-petstore/vendor/laravel/framework/src/Illuminate/Foundation/resources/server.php(16): require_once('...')
#58 {main}
"} 
[2025-07-04 15:11:19] local.INFO: Odpowiedź GET /pet/9223372036854753771: {"code":1,"type":"error","message":"Pet not found"}  
[2025-07-04 15:11:23] local.INFO: Odpowiedź GET /pet/9223372036854753770: {"id":9223372036854753770,"category":{"id":0,"name":"string"},"name":"doggie","photoUrls":["string"],"tags":[{"id":0,"name":"string"}],"status":"available"}  
[2025-07-04 15:11:24] local.INFO: Odpowiedź GET /pet/string: {"code":404,"type":"unknown","message":"java.lang.NumberFormatException: For input string: \"string\""}  
[2025-07-04 15:11:27] local.INFO: Odpowiedź GET /pet/9223372036854753776: {"code":1,"type":"error","message":"Pet not found"}  
[2025-07-04 15:11:30] local.INFO: Odpowiedź GET /pet/9223372036854753776: {"code":1,"type":"error","message":"Pet not found"}  
[2025-07-04 15:11:33] local.INFO: Odpowiedź GET /pet/9223372036854753776: {"code":1,"type":"error","message":"Pet not found"}  
[2025-07-04 15:11:37] local.INFO: Odpowiedź GET /pet/9223372036854753835: {"id":9223372036854753835,"category":{"id":1,"name":"Dogs"},"name":"Fluffy","photoUrls":["http://example.com/photo.jpg"],"tags":[{"id":1,"name":"friendly"}],"status":"available"}  
[2025-07-04 15:11:41] local.INFO: Odpowiedź GET /pet/9223372036854753804: {"id":9223372036854753804,"category":{"id":1,"name":"Dogs"},"name":"Fluffy","photoUrls":["http://example.com/photo.jpg"],"tags":[{"id":1,"name":"friendly"}],"status":"available"}  
[2025-07-04 15:11:45] local.INFO: Odpowiedź GET /pet/9223372036854753809: {"id":9223372036854753809,"category":{"id":0,"name":"string"},"name":"fish","photoUrls":["string"],"tags":[{"id":0,"name":"string"}],"status":"available"}  
[2025-07-04 15:11:46] local.INFO: Odpowiedź GET /pet/string: {"code":404,"type":"unknown","message":"java.lang.NumberFormatException: For input string: \"string\""}  
[2025-07-04 15:11:49] local.INFO: Odpowiedź GET /pet/9223372036854753811: {"code":1,"type":"error","message":"Pet not found"}  
[2025-07-04 15:11:56] local.INFO: Odpowiedź GET /pet/9223372036854753775: {"code":1,"type":"error","message":"Pet not found"}  
[2025-07-04 15:11:59] local.INFO: Odpowiedź GET /pet/9223372036854753775: {"code":1,"type":"error","message":"Pet not found"}  
[2025-07-04 15:12:01] local.INFO: Odpowiedź GET /pet/9223372036854753775: {"code":1,"type":"error","message":"Pet not found"}  
[2025-07-04 15:12:09] local.INFO: Odpowiedź GET /pet/327: {"code":1,"type":"error","message":"Pet not found"}  
[2025-07-04 15:12:17] local.INFO: Odpowiedź GET /pet/1273007: {"id":1273007,"category":{"id":0,"name":"tomasz"},"name":"Tomasz Lewandowski","photoUrls":["https://www.sleepmed.pl/img/blog/sennik-czarny-pies-co-oznacza-sen-o-czarnym-psie.jpg"],"tags":[{"id":0,"name":"Tomasz"}],"status":"available"}  
[2025-07-04 15:12:23] local.INFO: Odpowiedź GET /pet/1273007: {"id":1273007,"category":{"id":0,"name":"tomasz"},"name":"Tomasz Lewandowski","photoUrls":["https://www.sleepmed.pl/img/blog/sennik-czarny-pies-co-oznacza-sen-o-czarnym-psie.jpg"],"tags":[{"id":0,"name":"Tomasz"}],"status":"available"}  
[2025-07-04 15:13:05] local.INFO: Odpowiedź GET /pet/1273007: {"id":1273007,"category":{"id":0,"name":"tomasz"},"name":"Tomasz Lewandowski","photoUrls":["https://www.sleepmed.pl/img/blog/sennik-czarny-pies-co-oznacza-sen-o-czarnym-psie.jpg"],"tags":[{"id":0,"name":"Tomasz"}],"status":"available"}  
[2025-07-04 15:13:07] local.INFO: Odpowiedź GET /pet/1273007: {"code":1,"type":"error","message":"Pet not found"}  
[2025-07-04 15:13:21] local.INFO: Odpowiedź GET /pet/1273007: {"id":1273007,"category":{"id":0,"name":"tomasz"},"name":"Tomasz Lewandowski","photoUrls":["https://www.sleepmed.pl/img/blog/sennik-czarny-pies-co-oznacza-sen-o-czarnym-psie.jpg"],"tags":[{"id":0,"name":"Tomasz"}],"status":"available"}  
[2025-07-04 15:13:52] local.INFO: Odpowiedź GET /pet/1273007: {"code":1,"type":"error","message":"Pet not found"}  
[2025-07-04 15:14:46] local.INFO: Odpowiedź GET /pet/5473263: {"id":5473263,"category":{"id":0,"name":"brak"},"name":"Tomasz Lewandowski","photoUrls":["https://placekitten.com/200/200"],"tags":[{"id":0,"name":""}],"status":"available"}  
[2025-07-04 15:15:23] local.INFO: Odpowiedź GET /pet/5473263: {"id":5473263,"category":{"id":0,"name":"brak"},"name":"Tomasz Lewandowski","photoUrls":["https://placekitten.com/200/200"],"tags":[{"id":0,"name":""}],"status":"available"}  
[2025-07-04 15:15:26] local.INFO: Odpowiedź GET /pet/5473263: {"id":5473263,"category":{"id":0,"name":"brak"},"name":"Tomasz Lewandowski","photoUrls":["https://placekitten.com/200/200"],"tags":[{"id":0,"name":""}],"status":"available"}  
[2025-07-04 15:15:32] local.INFO: Odpowiedź GET /pet/5473263: {"id":5473263,"category":{"id":0,"name":"brak"},"name":"Tomasz Lewandowski","photoUrls":["https://placekitten.com/200/200"],"tags":[{"id":0,"name":""}],"status":"available"}  
[2025-07-04 15:15:36] local.INFO: Odpowiedź GET /pet/9223372036854754466: {"id":9223372036854754466,"category":{"id":0,"name":"string"},"name":"doggie","photoUrls":["string"],"tags":[{"id":0,"name":"string"}],"status":"available"}  
[2025-07-04 15:15:37] local.INFO: Odpowiedź GET /pet/string: {"code":404,"type":"unknown","message":"java.lang.NumberFormatException: For input string: \"string\""}  
[2025-07-04 15:15:39] local.INFO: Odpowiedź GET /pet/9223372036854754471: {"id":9223372036854754471,"category":{"id":0,"name":"string"},"name":"doggie","photoUrls":["string"],"tags":[{"id":0,"name":"string"}],"status":"string"}  
[2025-07-04 15:15:40] local.INFO: Odpowiedź GET /pet/string: {"code":404,"type":"unknown","message":"java.lang.NumberFormatException: For input string: \"string\""}  
[2025-07-04 15:15:42] local.INFO: Odpowiedź GET /pet/100: {"id":100,"category":{"id":0,"name":"Cats"},"name":"Trixie","photoUrls":["www.google.com"],"tags":[{"id":0,"name":"c"}],"status":"available"}  
[2025-07-04 15:15:44] local.INFO: Odpowiedź GET /pet/www.google.com: {"code":404,"type":"unknown","message":"java.lang.NumberFormatException: For input string: \"www.google.com\""}  
[2025-07-04 15:19:46] local.INFO: Odpowiedź GET /pet/9223372036854753848: {"id":9223372036854753848,"category":{"id":1,"name":"Dogs"},"name":"Buddy","photoUrls":["http://example.com/photo.jpg"],"tags":[{"id":1,"name":"friendly"}],"status":"available"}  
[2025-07-04 15:21:20] local.INFO: Odpowiedź GET /pet/9223372036854753845: {"id":9223372036854753845,"category":{"id":1,"name":"Dogs"},"name":"Rex","photoUrls":["http://example.com/photo.jpg"],"tags":[{"id":1,"name":"friendly"}],"status":"available"}  
[2025-07-04 15:22:47] local.INFO: Odpowiedź GET /pet/9223372036854753845: {"code":1,"type":"error","message":"Pet not found"}  
[2025-07-04 15:22:51] local.INFO: Odpowiedź GET /pet/9223372036854753865: {"id":9223372036854753865,"category":{"id":2,"name":"Cat"},"name":"bulka","photoUrls":["https://i.pinimg.com/originals/ff/d3/64/ffd364ea1702a40d7d35f949980bb284.jpg"],"tags":[{"id":1,"name":"Grey"}],"status":"available"}  
[2025-07-04 15:29:12] local.INFO: Odpowiedź GET /pet/9223372036854754730: {"id":9223372036854754730,"category":{"id":0,"name":"string"},"name":"fish","photoUrls":["string"],"tags":[{"id":0,"name":"string"}],"status":"available"}  
[2025-07-04 15:29:12] local.ERROR: Object of class stdClass could not be converted to string {"view":{"view":"/home/tomasz/Desktop/Rest API/laraver-petstore/resources/views/pets/edit.blade.php","data":[]},"exception":"[object] (Spatie\\LaravelIgnition\\Exceptions\\ViewException(code: 0): Object of class stdClass could not be converted to string at /home/tomasz/Desktop/Rest API/laraver-petstore/vendor/laravel/framework/src/Illuminate/Routing/RouteUrlGenerator.php:198)
[stacktrace]
#0 /home/tomasz/Desktop/Rest API/laraver-petstore/vendor/laravel/framework/src/Illuminate/Routing/RouteUrlGenerator.php(198): preg_replace_callback()
#1 /home/tomasz/Desktop/Rest API/laraver-petstore/vendor/laravel/framework/src/Illuminate/Routing/RouteUrlGenerator.php(85): Illuminate\\Routing\\RouteUrlGenerator->replaceRouteParameters()
#2 /home/tomasz/Desktop/Rest API/laraver-petstore/vendor/laravel/framework/src/Illuminate/Routing/UrlGenerator.php(501): Illuminate\\Routing\\RouteUrlGenerator->to()
#3 /home/tomasz/Desktop/Rest API/laraver-petstore/vendor/laravel/framework/src/Illuminate/Routing/UrlGenerator.php(469): Illuminate\\Routing\\UrlGenerator->toRoute()
#4 /home/tomasz/Desktop/Rest API/laraver-petstore/vendor/laravel/framework/src/Illuminate/Foundation/helpers.php(811): Illuminate\\Routing\\UrlGenerator->route()
#5 /home/tomasz/Desktop/Rest API/laraver-petstore/resources/views/pets/edit.blade.php(6): route()
#6 /home/tomasz/Desktop/Rest API/laraver-petstore/vendor/laravel/framework/src/Illuminate/Filesystem/Filesystem.php(123): require('...')
#7 /home/tomasz/Desktop/Rest API/laraver-petstore/vendor/laravel/framework/src/Illuminate/Filesystem/Filesystem.php(124): Illuminate\\Filesystem\\Filesystem::Illuminate\\Filesystem\\{closure}()
#8 /home/tomasz/Desktop/Rest API/laraver-petstore/vendor/laravel/framework/src/Illuminate/View/Engines/PhpEngine.php(58): Illuminate\\Filesystem\\Filesystem->getRequire()
#9 /home/tomasz/Desktop/Rest API/laraver-petstore/vendor/laravel/framework/src/Illuminate/View/Engines/CompilerEngine.php(72): Illuminate\\View\\Engines\\PhpEngine->evaluatePath()
#10 /home/tomasz/Desktop/Rest API/laraver-petstore/vendor/laravel/framework/src/Illuminate/View/View.php(207): Illuminate\\View\\Engines\\CompilerEngine->get()
#11 /home/tomasz/Desktop/Rest API/laraver-petstore/vendor/laravel/framework/src/Illuminate/View/View.php(190): Illuminate\\View\\View->getContents()
#12 /home/tomasz/Desktop/Rest API/laraver-petstore/vendor/laravel/framework/src/Illuminate/View/View.php(159): Illuminate\\View\\View->renderContents()
#13 /home/tomasz/Desktop/Rest API/laraver-petstore/vendor/laravel/framework/src/Illuminate/Http/Response.php(69): Illuminate\\View\\View->render()
#14 /home/tomasz/Desktop/Rest API/laraver-petstore/vendor/laravel/framework/src/Illuminate/Http/Response.php(35): Illuminate\\Http\\Response->setContent()
#15 /home/tomasz/Desktop/Rest API/laraver-petstore/vendor/laravel/framework/src/Illuminate/Routing/Router.php(918): Illuminate\\Http\\Response->__construct()
#16 /home/tomasz/Desktop/Rest API/laraver-petstore/vendor/laravel/framework/src/Illuminate/Routing/Router.php(885): Illuminate\\Routing\\Router::toResponse()
#17 /home/tomasz/Desktop/Rest API/laraver-petstore/vendor/laravel/framework/src/Illuminate/Routing/Router.php(806): Illuminate\\Routing\\Router->prepareResponse()
#18 /home/tomasz/Desktop/Rest API/laraver-petstore/vendor/laravel/framework/src/Illuminate/Pipeline/Pipeline.php(144): Illuminate\\Routing\\Router->Illuminate\\Routing\\{closure}()
#19 /home/tomasz/Desktop/Rest API/laraver-petstore/vendor/laravel/framework/src/Illuminate/Routing/Middleware/SubstituteBindings.php(50): Illuminate\\Pipeline\\Pipeline->Illuminate\\Pipeline\\{closure}()
#20 /home/tomasz/Desktop/Rest API/laraver-petstore/vendor/laravel/framework/src/Illuminate/Pipeline/Pipeline.php(183): Illuminate\\Routing\\Middleware\\SubstituteBindings->handle()
#21 /home/tomasz/Desktop/Rest API/laraver-petstore/vendor/laravel/framework/src/Illuminate/Foundation/Http/Middleware/VerifyCsrfToken.php(78): Illuminate\\Pipeline\\Pipeline->Illuminate\\Pipeline\\{closure}()
#22 /home/tomasz/Desktop/Rest API/laraver-petstore/vendor/laravel/framework/src/Illuminate/Pipeline/Pipeline.php(183): Illuminate\\Foundation\\Http\\Middleware\\VerifyCsrfToken->handle()
#23 /home/tomasz/Desktop/Rest API/laraver-petstore/vendor/laravel/framework/src/Illuminate/View/Middleware/ShareErrorsFromSession.php(49): Illuminate\\Pipeline\\Pipeline->Illuminate\\Pipeline\\{closure}()
#24 /home/tomasz/Desktop/Rest API/laraver-petstore/vendor/laravel/framework/src/Illuminate/Pipeline/Pipeline.php(183): Illuminate\\View\\Middleware\\ShareErrorsFromSession->handle()
#25 /home/tomasz/Desktop/Rest API/laraver-petstore/vendor/laravel/framework/src/Illuminate/Session/Middleware/StartSession.php(121): Illuminate\\Pipeline\\Pipeline->Illuminate\\Pipeline\\{closure}()
#26 /home/tomasz/Desktop/Rest API/laraver-petstore/vendor/laravel/framework/src/Illuminate/Session/Middleware/StartSession.php(64): Illuminate\\Session\\Middleware\\StartSession->handleStatefulRequest()
#27 /home/tomasz/Desktop/Rest API/laraver-petstore/vendor/laravel/framework/src/Illuminate/Pipeline/Pipeline.php(183): Illuminate\\Session\\Middleware\\StartSession->handle()
#28 /home/tomasz/Desktop/Rest API/laraver-petstore/vendor/laravel/framework/src/Illuminate/Cookie/Middleware/AddQueuedCookiesToResponse.php(37): Illuminate\\Pipeline\\Pipeline->Illuminate\\Pipeline\\{closure}()
#29 /home/tomasz/Desktop/Rest API/laraver-petstore/vendor/laravel/framework/src/Illuminate/Pipeline/Pipeline.php(183): Illuminate\\Cookie\\Middleware\\AddQueuedCookiesToResponse->handle()
#30 /home/tomasz/Desktop/Rest API/laraver-petstore/vendor/laravel/framework/src/Illuminate/Cookie/Middleware/EncryptCookies.php(67): Illuminate\\Pipeline\\Pipeline->Illuminate\\Pipeline\\{closure}()
#31 /home/tomasz/Desktop/Rest API/laraver-petstore/vendor/laravel/framework/src/Illuminate/Pipeline/Pipeline.php(183): Illuminate\\Cookie\\Middleware\\EncryptCookies->handle()
#32 /home/tomasz/Desktop/Rest API/laraver-petstore/vendor/laravel/framework/src/Illuminate/Pipeline/Pipeline.php(119): Illuminate\\Pipeline\\Pipeline->Illuminate\\Pipeline\\{closure}()
#33 /home/tomasz/Desktop/Rest API/laraver-petstore/vendor/laravel/framework/src/Illuminate/Routing/Router.php(807): Illuminate\\Pipeline\\Pipeline->then()
#34 /home/tomasz/Desktop/Rest API/laraver-petstore/vendor/laravel/framework/src/Illuminate/Routing/Router.php(784): Illuminate\\Routing\\Router->runRouteWithinStack()
#35 /home/tomasz/Desktop/Rest API/laraver-petstore/vendor/laravel/framework/src/Illuminate/Routing/Router.php(748): Illuminate\\Routing\\Router->runRoute()
#36 /home/tomasz/Desktop/Rest API/laraver-petstore/vendor/laravel/framework/src/Illuminate/Routing/Router.php(737): Illuminate\\Routing\\Router->dispatchToRoute()
#37 /home/tomasz/Desktop/Rest API/laraver-petstore/vendor/laravel/framework/src/Illuminate/Foundation/Http/Kernel.php(200): Illuminate\\Routing\\Router->dispatch()
#38 /home/tomasz/Desktop/Rest API/laraver-petstore/vendor/laravel/framework/src/Illuminate/Pipeline/Pipeline.php(144): Illuminate\\Foundation\\Http\\Kernel->Illuminate\\Foundation\\Http\\{closure}()
#39 /home/tomasz/Desktop/Rest API/laraver-petstore/vendor/laravel/framework/src/Illuminate/Foundation/Http/Middleware/TransformsRequest.php(21): Illuminate\\Pipeline\\Pipeline->Illuminate\\Pipeline\\{closure}()
#40 /home/tomasz/Desktop/Rest API/laraver-petstore/vendor/laravel/framework/src/Illuminate/Foundation/Http/Middleware/ConvertEmptyStringsToNull.php(31): Illuminate\\Foundation\\Http\\Middleware\\TransformsRequest->handle()
#41 /home/tomasz/Desktop/Rest API/laraver-petstore/vendor/laravel/framework/src/Illuminate/Pipeline/Pipeline.php(183): Illuminate\\Foundation\\Http\\Middleware\\ConvertEmptyStringsToNull->handle()
#42 /home/tomasz/Desktop/Rest API/laraver-petstore/vendor/laravel/framework/src/Illuminate/Foundation/Http/Middleware/TransformsRequest.php(21): Illuminate\\Pipeline\\Pipeline->Illuminate\\Pipeline\\{closure}()
#43 /home/tomasz/Desktop/Rest API/laraver-petstore/vendor/laravel/framework/src/Illuminate/Foundation/Http/Middleware/TrimStrings.php(40): Illuminate\\Foundation\\Http\\Middleware\\TransformsRequest->handle()
#44 /home/tomasz/Desktop/Rest API/laraver-petstore/vendor/laravel/framework/src/Illuminate/Pipeline/Pipeline.php(183): Illuminate\\Foundation\\Http\\Middleware\\TrimStrings->handle()
#45 /home/tomasz/Desktop/Rest API/laraver-petstore/vendor/laravel/framework/src/Illuminate/Foundation/Http/Middleware/ValidatePostSize.php(27): Illuminate\\Pipeline\\Pipeline->Illuminate\\Pipeline\\{closure}()
#46 /home/tomasz/Desktop/Rest API/laraver-petstore/vendor/laravel/framework/src/Illuminate/Pipeline/Pipeline.php(183): Illuminate\\Foundation\\Http\\Middleware\\ValidatePostSize->handle()
#47 /home/tomasz/Desktop/Rest API/laraver-petstore/vendor/laravel/framework/src/Illuminate/Foundation/Http/Middleware/PreventRequestsDuringMaintenance.php(99): Illuminate\\Pipeline\\Pipeline->Illuminate\\Pipeline\\{closure}()
#48 /home/tomasz/Desktop/Rest API/laraver-petstore/vendor/laravel/framework/src/Illuminate/Pipeline/Pipeline.php(183): Illuminate\\Foundation\\Http\\Middleware\\PreventRequestsDuringMaintenance->handle()
#49 /home/tomasz/Desktop/Rest API/laraver-petstore/vendor/laravel/framework/src/Illuminate/Http/Middleware/HandleCors.php(49): Illuminate\\Pipeline\\Pipeline->Illuminate\\Pipeline\\{closure}()
#50 /home/tomasz/Desktop/Rest API/laraver-petstore/vendor/laravel/framework/src/Illuminate/Pipeline/Pipeline.php(183): Illuminate\\Http\\Middleware\\HandleCors->handle()
#51 /home/tomasz/Desktop/Rest API/laraver-petstore/vendor/laravel/framework/src/Illuminate/Http/Middleware/TrustProxies.php(39): Illuminate\\Pipeline\\Pipeline->Illuminate\\Pipeline\\{closure}()
#52 /home/tomasz/Desktop/Rest API/laraver-petstore/vendor/laravel/framework/src/Illuminate/Pipeline/Pipeline.php(183): Illuminate\\Http\\Middleware\\TrustProxies->handle()
#53 /home/tomasz/Desktop/Rest API/laraver-petstore/vendor/laravel/framework/src/Illuminate/Pipeline/Pipeline.php(119): Illuminate\\Pipeline\\Pipeline->Illuminate\\Pipeline\\{closure}()
#54 /home/tomasz/Desktop/Rest API/laraver-petstore/vendor/laravel/framework/src/Illuminate/Foundation/Http/Kernel.php(175): Illuminate\\Pipeline\\Pipeline->then()
#55 /home/tomasz/Desktop/Rest API/laraver-petstore/vendor/laravel/framework/src/Illuminate/Foundation/Http/Kernel.php(144): Illuminate\\Foundation\\Http\\Kernel->sendRequestThroughRouter()
#56 /home/tomasz/Desktop/Rest API/laraver-petstore/public/index.php(52): Illuminate\\Foundation\\Http\\Kernel->handle()
#57 /home/tomasz/Desktop/Rest API/laraver-petstore/vendor/laravel/framework/src/Illuminate/Foundation/resources/server.php(16): require_once('...')
#58 {main}

[previous exception] [object] (Error(code: 0): Object of class stdClass could not be converted to string at /home/tomasz/Desktop/Rest API/laraver-petstore/vendor/laravel/framework/src/Illuminate/Routing/RouteUrlGenerator.php:198)
[stacktrace]
#0 /home/tomasz/Desktop/Rest API/laraver-petstore/vendor/laravel/framework/src/Illuminate/Routing/RouteUrlGenerator.php(198): preg_replace_callback()
#1 /home/tomasz/Desktop/Rest API/laraver-petstore/vendor/laravel/framework/src/Illuminate/Routing/RouteUrlGenerator.php(85): Illuminate\\Routing\\RouteUrlGenerator->replaceRouteParameters()
#2 /home/tomasz/Desktop/Rest API/laraver-petstore/vendor/laravel/framework/src/Illuminate/Routing/UrlGenerator.php(501): Illuminate\\Routing\\RouteUrlGenerator->to()
#3 /home/tomasz/Desktop/Rest API/laraver-petstore/vendor/laravel/framework/src/Illuminate/Routing/UrlGenerator.php(469): Illuminate\\Routing\\UrlGenerator->toRoute()
#4 /home/tomasz/Desktop/Rest API/laraver-petstore/vendor/laravel/framework/src/Illuminate/Foundation/helpers.php(811): Illuminate\\Routing\\UrlGenerator->route()
#5 /home/tomasz/Desktop/Rest API/laraver-petstore/storage/framework/views/db72003b12d890c839a1a30f2d010169.php(4): route()
#6 /home/tomasz/Desktop/Rest API/laraver-petstore/vendor/laravel/framework/src/Illuminate/Filesystem/Filesystem.php(123): require('...')
#7 /home/tomasz/Desktop/Rest API/laraver-petstore/vendor/laravel/framework/src/Illuminate/Filesystem/Filesystem.php(124): Illuminate\\Filesystem\\Filesystem::Illuminate\\Filesystem\\{closure}()
#8 /home/tomasz/Desktop/Rest API/laraver-petstore/vendor/laravel/framework/src/Illuminate/View/Engines/PhpEngine.php(58): Illuminate\\Filesystem\\Filesystem->getRequire()
#9 /home/tomasz/Desktop/Rest API/laraver-petstore/vendor/laravel/framework/src/Illuminate/View/Engines/CompilerEngine.php(72): Illuminate\\View\\Engines\\PhpEngine->evaluatePath()
#10 /home/tomasz/Desktop/Rest API/laraver-petstore/vendor/laravel/framework/src/Illuminate/View/View.php(207): Illuminate\\View\\Engines\\CompilerEngine->get()
#11 /home/tomasz/Desktop/Rest API/laraver-petstore/vendor/laravel/framework/src/Illuminate/View/View.php(190): Illuminate\\View\\View->getContents()
#12 /home/tomasz/Desktop/Rest API/laraver-petstore/vendor/laravel/framework/src/Illuminate/View/View.php(159): Illuminate\\View\\View->renderContents()
#13 /home/tomasz/Desktop/Rest API/laraver-petstore/vendor/laravel/framework/src/Illuminate/Http/Response.php(69): Illuminate\\View\\View->render()
#14 /home/tomasz/Desktop/Rest API/laraver-petstore/vendor/laravel/framework/src/Illuminate/Http/Response.php(35): Illuminate\\Http\\Response->setContent()
#15 /home/tomasz/Desktop/Rest API/laraver-petstore/vendor/laravel/framework/src/Illuminate/Routing/Router.php(918): Illuminate\\Http\\Response->__construct()
#16 /home/tomasz/Desktop/Rest API/laraver-petstore/vendor/laravel/framework/src/Illuminate/Routing/Router.php(885): Illuminate\\Routing\\Router::toResponse()
#17 /home/tomasz/Desktop/Rest API/laraver-petstore/vendor/laravel/framework/src/Illuminate/Routing/Router.php(806): Illuminate\\Routing\\Router->prepareResponse()
#18 /home/tomasz/Desktop/Rest API/laraver-petstore/vendor/laravel/framework/src/Illuminate/Pipeline/Pipeline.php(144): Illuminate\\Routing\\Router->Illuminate\\Routing\\{closure}()
#19 /home/tomasz/Desktop/Rest API/laraver-petstore/vendor/laravel/framework/src/Illuminate/Routing/Middleware/SubstituteBindings.php(50): Illuminate\\Pipeline\\Pipeline->Illuminate\\Pipeline\\{closure}()
#20 /home/tomasz/Desktop/Rest API/laraver-petstore/vendor/laravel/framework/src/Illuminate/Pipeline/Pipeline.php(183): Illuminate\\Routing\\Middleware\\SubstituteBindings->handle()
#21 /home/tomasz/Desktop/Rest API/laraver-petstore/vendor/laravel/framework/src/Illuminate/Foundation/Http/Middleware/VerifyCsrfToken.php(78): Illuminate\\Pipeline\\Pipeline->Illuminate\\Pipeline\\{closure}()
#22 /home/tomasz/Desktop/Rest API/laraver-petstore/vendor/laravel/framework/src/Illuminate/Pipeline/Pipeline.php(183): Illuminate\\Foundation\\Http\\Middleware\\VerifyCsrfToken->handle()
#23 /home/tomasz/Desktop/Rest API/laraver-petstore/vendor/laravel/framework/src/Illuminate/View/Middleware/ShareErrorsFromSession.php(49): Illuminate\\Pipeline\\Pipeline->Illuminate\\Pipeline\\{closure}()
#24 /home/tomasz/Desktop/Rest API/laraver-petstore/vendor/laravel/framework/src/Illuminate/Pipeline/Pipeline.php(183): Illuminate\\View\\Middleware\\ShareErrorsFromSession->handle()
#25 /home/tomasz/Desktop/Rest API/laraver-petstore/vendor/laravel/framework/src/Illuminate/Session/Middleware/StartSession.php(121): Illuminate\\Pipeline\\Pipeline->Illuminate\\Pipeline\\{closure}()
#26 /home/tomasz/Desktop/Rest API/laraver-petstore/vendor/laravel/framework/src/Illuminate/Session/Middleware/StartSession.php(64): Illuminate\\Session\\Middleware\\StartSession->handleStatefulRequest()
#27 /home/tomasz/Desktop/Rest API/laraver-petstore/vendor/laravel/framework/src/Illuminate/Pipeline/Pipeline.php(183): Illuminate\\Session\\Middleware\\StartSession->handle()
#28 /home/tomasz/Desktop/Rest API/laraver-petstore/vendor/laravel/framework/src/Illuminate/Cookie/Middleware/AddQueuedCookiesToResponse.php(37): Illuminate\\Pipeline\\Pipeline->Illuminate\\Pipeline\\{closure}()
#29 /home/tomasz/Desktop/Rest API/laraver-petstore/vendor/laravel/framework/src/Illuminate/Pipeline/Pipeline.php(183): Illuminate\\Cookie\\Middleware\\AddQueuedCookiesToResponse->handle()
#30 /home/tomasz/Desktop/Rest API/laraver-petstore/vendor/laravel/framework/src/Illuminate/Cookie/Middleware/EncryptCookies.php(67): Illuminate\\Pipeline\\Pipeline->Illuminate\\Pipeline\\{closure}()
#31 /home/tomasz/Desktop/Rest API/laraver-petstore/vendor/laravel/framework/src/Illuminate/Pipeline/Pipeline.php(183): Illuminate\\Cookie\\Middleware\\EncryptCookies->handle()
#32 /home/tomasz/Desktop/Rest API/laraver-petstore/vendor/laravel/framework/src/Illuminate/Pipeline/Pipeline.php(119): Illuminate\\Pipeline\\Pipeline->Illuminate\\Pipeline\\{closure}()
#33 /home/tomasz/Desktop/Rest API/laraver-petstore/vendor/laravel/framework/src/Illuminate/Routing/Router.php(807): Illuminate\\Pipeline\\Pipeline->then()
#34 /home/tomasz/Desktop/Rest API/laraver-petstore/vendor/laravel/framework/src/Illuminate/Routing/Router.php(784): Illuminate\\Routing\\Router->runRouteWithinStack()
#35 /home/tomasz/Desktop/Rest API/laraver-petstore/vendor/laravel/framework/src/Illuminate/Routing/Router.php(748): Illuminate\\Routing\\Router->runRoute()
#36 /home/tomasz/Desktop/Rest API/laraver-petstore/vendor/laravel/framework/src/Illuminate/Routing/Router.php(737): Illuminate\\Routing\\Router->dispatchToRoute()
#37 /home/tomasz/Desktop/Rest API/laraver-petstore/vendor/laravel/framework/src/Illuminate/Foundation/Http/Kernel.php(200): Illuminate\\Routing\\Router->dispatch()
#38 /home/tomasz/Desktop/Rest API/laraver-petstore/vendor/laravel/framework/src/Illuminate/Pipeline/Pipeline.php(144): Illuminate\\Foundation\\Http\\Kernel->Illuminate\\Foundation\\Http\\{closure}()
#39 /home/tomasz/Desktop/Rest API/laraver-petstore/vendor/laravel/framework/src/Illuminate/Foundation/Http/Middleware/TransformsRequest.php(21): Illuminate\\Pipeline\\Pipeline->Illuminate\\Pipeline\\{closure}()
#40 /home/tomasz/Desktop/Rest API/laraver-petstore/vendor/laravel/framework/src/Illuminate/Foundation/Http/Middleware/ConvertEmptyStringsToNull.php(31): Illuminate\\Foundation\\Http\\Middleware\\TransformsRequest->handle()
#41 /home/tomasz/Desktop/Rest API/laraver-petstore/vendor/laravel/framework/src/Illuminate/Pipeline/Pipeline.php(183): Illuminate\\Foundation\\Http\\Middleware\\ConvertEmptyStringsToNull->handle()
#42 /home/tomasz/Desktop/Rest API/laraver-petstore/vendor/laravel/framework/src/Illuminate/Foundation/Http/Middleware/TransformsRequest.php(21): Illuminate\\Pipeline\\Pipeline->Illuminate\\Pipeline\\{closure}()
#43 /home/tomasz/Desktop/Rest API/laraver-petstore/vendor/laravel/framework/src/Illuminate/Foundation/Http/Middleware/TrimStrings.php(40): Illuminate\\Foundation\\Http\\Middleware\\TransformsRequest->handle()
#44 /home/tomasz/Desktop/Rest API/laraver-petstore/vendor/laravel/framework/src/Illuminate/Pipeline/Pipeline.php(183): Illuminate\\Foundation\\Http\\Middleware\\TrimStrings->handle()
#45 /home/tomasz/Desktop/Rest API/laraver-petstore/vendor/laravel/framework/src/Illuminate/Foundation/Http/Middleware/ValidatePostSize.php(27): Illuminate\\Pipeline\\Pipeline->Illuminate\\Pipeline\\{closure}()
#46 /home/tomasz/Desktop/Rest API/laraver-petstore/vendor/laravel/framework/src/Illuminate/Pipeline/Pipeline.php(183): Illuminate\\Foundation\\Http\\Middleware\\ValidatePostSize->handle()
#47 /home/tomasz/Desktop/Rest API/laraver-petstore/vendor/laravel/framework/src/Illuminate/Foundation/Http/Middleware/PreventRequestsDuringMaintenance.php(99): Illuminate\\Pipeline\\Pipeline->Illuminate\\Pipeline\\{closure}()
#48 /home/tomasz/Desktop/Rest API/laraver-petstore/vendor/laravel/framework/src/Illuminate/Pipeline/Pipeline.php(183): Illuminate\\Foundation\\Http\\Middleware\\PreventRequestsDuringMaintenance->handle()
#49 /home/tomasz/Desktop/Rest API/laraver-petstore/vendor/laravel/framework/src/Illuminate/Http/Middleware/HandleCors.php(49): Illuminate\\Pipeline\\Pipeline->Illuminate\\Pipeline\\{closure}()
#50 /home/tomasz/Desktop/Rest API/laraver-petstore/vendor/laravel/framework/src/Illuminate/Pipeline/Pipeline.php(183): Illuminate\\Http\\Middleware\\HandleCors->handle()
#51 /home/tomasz/Desktop/Rest API/laraver-petstore/vendor/laravel/framework/src/Illuminate/Http/Middleware/TrustProxies.php(39): Illuminate\\Pipeline\\Pipeline->Illuminate\\Pipeline\\{closure}()
#52 /home/tomasz/Desktop/Rest API/laraver-petstore/vendor/laravel/framework/src/Illuminate/Pipeline/Pipeline.php(183): Illuminate\\Http\\Middleware\\TrustProxies->handle()
#53 /home/tomasz/Desktop/Rest API/laraver-petstore/vendor/laravel/framework/src/Illuminate/Pipeline/Pipeline.php(119): Illuminate\\Pipeline\\Pipeline->Illuminate\\Pipeline\\{closure}()
#54 /home/tomasz/Desktop/Rest API/laraver-petstore/vendor/laravel/framework/src/Illuminate/Foundation/Http/Kernel.php(175): Illuminate\\Pipeline\\Pipeline->then()
#55 /home/tomasz/Desktop/Rest API/laraver-petstore/vendor/laravel/framework/src/Illuminate/Foundation/Http/Kernel.php(144): Illuminate\\Foundation\\Http\\Kernel->sendRequestThroughRouter()
#56 /home/tomasz/Desktop/Rest API/laraver-petstore/public/index.php(52): Illuminate\\Foundation\\Http\\Kernel->handle()
#57 /home/tomasz/Desktop/Rest API/laraver-petstore/vendor/laravel/framework/src/Illuminate/Foundation/resources/server.php(16): require_once('...')
#58 {main}
"} 
[2025-07-04 15:30:43] local.INFO: Odpowiedź GET /pet/9223372036854754730: {"code":1,"type":"error","message":"Pet not found"}  
[2025-07-04 15:30:48] local.INFO: Odpowiedź GET /pet/9223372036854754730: {"id":9223372036854754730,"category":{"id":0,"name":"string"},"name":"fish","photoUrls":["string"],"tags":[{"id":0,"name":"string"}],"status":"available"}  
[2025-07-04 15:31:24] local.INFO: Odpowiedź GET /pet/9223372036854754802: {"id":9223372036854754802,"name":"Tom","photoUrls":[],"tags":[],"status":"available"}  
[2025-07-04 15:31:35] local.INFO: Odpowiedź GET /pet/9223372036854754767: {"id":9223372036854754767,"name":"Tom","photoUrls":[],"tags":[],"status":"available"}  
[2025-07-04 15:32:09] local.INFO: Odpowiedź GET /pet/9223372036854754767: {"id":9223372036854754767,"category":{"id":0,"name":"tomasz"},"name":"Tom","photoUrls":["https://www.sleepmed.pl/img/blog/sennik-czarny-pies-co-oznacza-sen-o-czarnym-psie.jpg"],"tags":[{"id":0,"name":"Tomasz"}],"status":"available"}  
[2025-07-07 06:59:02] local.INFO: Odpowiedź GET /pet/9223372036854754751: {"code":1,"type":"error","message":"Pet not found"}  
[2025-07-07 06:59:06] local.INFO: Odpowiedź GET /pet/9223372036854773039: {"id":9223372036854773039,"category":{"id":0,"name":"string"},"name":"Puff","photoUrls":["string"],"tags":[{"id":0,"name":"string"}],"status":"available"}  
[2025-07-07 06:59:07] local.INFO: Odpowiedź GET /pet/string: {"code":404,"type":"unknown","message":"java.lang.NumberFormatException: For input string: \"string\""}  
[2025-07-07 06:59:09] local.INFO: Odpowiedź GET /pet/9223372036854773028: {"id":9223372036854773028,"category":{"id":0,"name":"string"},"name":"fish","photoUrls":["string"],"tags":[{"id":0,"name":"string"}],"status":"available"}  
[2025-07-07 06:59:10] local.INFO: Odpowiedź GET /pet/string: {"code":404,"type":"unknown","message":"java.lang.NumberFormatException: For input string: \"string\""}  
[2025-07-07 06:59:13] local.INFO: Odpowiedź GET /pet/9223372036854773075: {"id":9223372036854773075,"category":{"id":101,"name":"dogz"},"name":"fido","photoUrls":["http://fido.jpg"],"tags":[{"id":102,"name":"friendly"}],"status":"available"}  
[2025-07-07 06:59:17] local.INFO: Odpowiedź GET /pet/9223372036854773075: {"id":9223372036854773075,"category":{"id":101,"name":"dogz"},"name":"fido","photoUrls":["http://fido.jpg"],"tags":[{"id":102,"name":"friendly"}],"status":"available"}  
[2025-07-07 06:59:21] local.INFO: Odpowiedź GET /pet/9223372036854773289: {"id":9223372036854773289,"category":{"id":0},"name":"Doggie","photoUrls":[],"tags":[],"status":"available"}  
[2025-07-07 06:59:36] local.INFO: Odpowiedź GET /pet/9223372036854773321: {"id":9223372036854773321,"category":{"id":0,"name":"string"},"name":"fish","photoUrls":["string"],"tags":[{"id":0,"name":"string"}],"status":"available"}  
[2025-07-07 07:01:34] local.INFO: Odpowiedź GET /pet/241195: {"code":1,"type":"error","message":"Pet not found"}  
[2025-07-07 07:01:44] local.INFO: Odpowiedź GET /pet/9223372036854773321: {"id":9223372036854773321,"category":{"id":0,"name":"string"},"name":"fish","photoUrls":["string"],"tags":[{"id":0,"name":"string"}],"status":"available"}  
[2025-07-07 07:01:45] local.INFO: Odpowiedź GET /pet/string: {"code":404,"type":"unknown","message":"java.lang.NumberFormatException: For input string: \"string\""}  
[2025-07-07 07:01:54] local.INFO: Odpowiedź GET /pet/9223372036854773321: {"id":9223372036854773321,"category":{"id":0,"name":"tomasz"},"name":"Tomasz Lewandowski","photoUrls":["https://www.sleepmed.pl/img/blog/sennik-czarny-pies-co-oznacza-sen-o-czarnym-psie.jpg"],"tags":[{"id":0,"name":"Tomasz"},{"id":0,"name":" pies"}],"status":"available"}  
